2026-06-22 02:11:13,404 - INFO - ============================================================
2026-06-22 02:11:13,405 - INFO - Application starting: Community Health Clinic Queue Management System
2026-06-22 02:11:13,473 - INFO - Database initialised at database/clinic.db
2026-06-22 02:11:20,951 - INFO - generated new fontManager
2026-06-22 02:12:28,244 - INFO - User 'admin' authenticated successfully.
2026-06-22 02:13:09,431 - INFO - Settings applied: theme=dark  font_size=small
2026-06-22 02:17:42,285 - INFO - Inserted patient: Nabieu Samura  Queue #1
2026-06-22 02:18:09,823 - INFO - Settings applied: theme=light  font_size=medium
2026-06-22 02:18:25,328 - INFO - Application closed.
2026-06-22 05:42:31,504 - INFO - ============================================================
2026-06-22 05:42:31,505 - INFO - Application starting: Community Health Clinic Queue Management System
2026-06-22 05:42:31,516 - INFO - Database initialised at database/clinic.db
2026-06-22 05:43:02,307 - INFO - User 'admin' authenticated successfully.
2026-06-22 05:43:33,163 - INFO - Gender pie chart rendered.
2026-06-22 05:43:33,482 - INFO - Illness bar chart rendered.
2026-06-22 05:43:33,664 - INFO - Using categorical units to plot a list of strings that are all parsable as floats or dates. If these strings should be plotted as numbers, cast to the appropriate data type before plotting.
2026-06-22 05:43:33,666 - INFO - Using categorical units to plot a list of strings that are all parsable as floats or dates. If these strings should be plotted as numbers, cast to the appropriate data type before plotting.
2026-06-22 05:43:33,862 - INFO - Daily line chart rendered.
2026-06-22 05:43:36,917 - INFO - Gender pie chart rendered.
2026-06-22 05:43:37,242 - INFO - Illness bar chart rendered.
2026-06-22 05:43:37,395 - INFO - Using categorical units to plot a list of strings that are all parsable as floats or dates. If these strings should be plotted as numbers, cast to the appropriate data type before plotting.
2026-06-22 05:43:37,397 - INFO - Using categorical units to plot a list of strings that are all parsable as floats or dates. If these strings should be plotted as numbers, cast to the appropriate data type before plotting.
2026-06-22 05:43:37,570 - INFO - Daily line chart rendered.
2026-06-22 05:45:28,126 - INFO - Inserted patient: May Cam   Queue #2
2026-06-21 18:13:28,898 - INFO - ============================================================
2026-06-21 18:13:28,904 - INFO - Application starting: Community Health Clinic Queue Management System
2026-06-21 18:13:28,940 - INFO - Database initialised at database/clinic.db
2026-06-21 18:14:02,235 - INFO - User 'admin' authenticated successfully.
2026-06-21 18:14:53,990 - INFO - Application closed.
2026-06-21 18:15:28,818 - INFO - ============================================================
2026-06-21 18:15:28,819 - INFO - Application starting: Community Health Clinic Queue Management System
2026-06-21 18:15:28,822 - INFO - Database initialised at database/clinic.db
2026-06-21 18:15:43,299 - INFO - Application closed.
2026-06-21 18:37:41,832 - INFO - ============================================================
2026-06-21 18:37:41,836 - INFO - Application starting: Community Health Clinic Queue Management System
2026-06-21 18:37:41,860 - INFO - Database initialised at database/clinic.db
2026-06-21 18:37:54,492 - WARNING - Matplotlib is building the font cache; this may take a moment.
2026-06-21 18:38:00,043 - INFO - generated new fontManager
2026-06-21 18:38:18,396 - INFO - User 'admin' authenticated successfully.
2026-06-21 18:38:22,170 - INFO - Gender pie chart rendered.
2026-06-21 18:38:22,480 - INFO - Illness bar chart rendered.
2026-06-21 18:38:22,644 - INFO - Using categorical units to plot a list of strings that are all parsable as floats or dates. If these strings should be plotted as numbers, cast to the appropriate data type before plotting.
2026-06-21 18:38:22,647 - INFO - Using categorical units to plot a list of strings that are all parsable as floats or dates. If these strings should be plotted as numbers, cast to the appropriate data type before plotting.
2026-06-21 18:38:22,865 - INFO - Daily line chart rendered.
2026-06-21 18:38:23,478 - INFO - Gender pie chart rendered.
2026-06-21 18:38:23,801 - INFO - Illness bar chart rendered.
2026-06-21 18:38:23,997 - INFO - Using categorical units to plot a list of strings that are all parsable as floats or dates. If these strings should be plotted as numbers, cast to the appropriate data type before plotting.
2026-06-21 18:38:23,999 - INFO - Using categorical units to plot a list of strings that are all parsable as floats or dates. If these strings should be plotted as numbers, cast to the appropriate data type before plotting.
2026-06-21 18:38:24,159 - INFO - Daily line chart rendered.
2026-06-21 18:39:31,821 - INFO - ============================================================
2026-06-21 18:39:31,822 - INFO - Application starting: Community Health Clinic Queue Management System
2026-06-21 18:39:31,826 - INFO - Database initialised at database/clinic.db
2026-06-21 18:40:24,769 - INFO - Application closed.
2026-06-21 18:40:38,373 - INFO - ============================================================
2026-06-21 18:40:38,374 - INFO - Application starting: Community Health Clinic Queue Management System
2026-06-21 18:40:38,389 - INFO - Database initialised at database/clinic.db
2026-06-21 18:44:51,563 - INFO - ============================================================
2026-06-21 18:44:51,563 - INFO - Application starting: Community Health Clinic Queue Management System
2026-06-21 18:44:51,574 - INFO - Database initialised at database/clinic.db
2026-06-21 18:45:15,014 - INFO - Application closed.
2026-06-21 18:48:40,880 - INFO - ============================================================
2026-06-21 18:48:40,881 - INFO - Application starting: Community Health Clinic Queue Management System
2026-06-21 18:48:40,884 - INFO - Database initialised at database/clinic.db
2026-06-21 18:48:59,495 - INFO - User 'admin' authenticated successfully.
2026-06-21 18:49:02,447 - INFO - Application closed.
2026-06-21 18:49:06,896 - INFO - ============================================================
2026-06-21 18:49:06,897 - INFO - Application starting: Community Health Clinic Queue Management System
2026-06-21 18:49:06,901 - INFO - Database initialised at database/clinic.db
2026-06-21 18:49:25,616 - INFO - User 'admin' authenticated successfully.
2026-06-21 18:49:28,417 - INFO - Application closed.
2026-06-21 18:49:42,893 - INFO - ============================================================
2026-06-21 18:49:42,893 - INFO - Application starting: Community Health Clinic Queue Management System
2026-06-21 18:49:42,896 - INFO - Database initialised at database/clinic.db
2026-06-21 18:49:59,022 - INFO - User 'admin' authenticated successfully.
2026-06-21 18:50:06,656 - INFO - Gender pie chart rendered.
2026-06-21 18:50:07,000 - INFO - Illness bar chart rendered.
2026-06-21 18:50:07,182 - INFO - Using categorical units to plot a list of strings that are all parsable as floats or dates. If these strings should be plotted as numbers, cast to the appropriate data type before plotting.
2026-06-21 18:50:07,185 - INFO - Using categorical units to plot a list of strings that are all parsable as floats or dates. If these strings should be plotted as numbers, cast to the appropriate data type before plotting.
2026-06-21 18:50:07,401 - INFO - Daily line chart rendered.
2026-06-21 18:50:53,109 - INFO - Gender pie chart rendered.
2026-06-21 18:50:53,372 - INFO - Illness bar chart rendered.
2026-06-21 18:50:53,529 - INFO - Using categorical units to plot a list of strings that are all parsable as floats or dates. If these strings should be plotted as numbers, cast to the appropriate data type before plotting.
2026-06-21 18:50:53,531 - INFO - Using categorical units to plot a list of strings that are all parsable as floats or dates. If these strings should be plotted as numbers, cast to the appropriate data type before plotting.
2026-06-21 18:50:53,688 - INFO - Daily line chart rendered.
2026-06-21 19:20:51,112 - INFO - ============================================================
2026-06-21 19:20:51,116 - INFO - Application starting: Community Health Clinic Queue Management System
2026-06-21 19:20:51,136 - INFO - Database initialised at database/clinic.db
2026-06-21 19:21:22,230 - INFO - User 'admin' authenticated successfully.
2026-06-21 19:21:40,934 - INFO - Gender pie chart rendered.
2026-06-21 19:21:41,312 - INFO - Illness bar chart rendered.
2026-06-21 19:21:41,484 - INFO - Using categorical units to plot a list of strings that are all parsable as floats or dates. If these strings should be plotted as numbers, cast to the appropriate data type before plotting.
2026-06-21 19:21:41,487 - INFO - Using categorical units to plot a list of strings that are all parsable as floats or dates. If these strings should be plotted as numbers, cast to the appropriate data type before plotting.
2026-06-21 19:21:41,677 - INFO - Daily line chart rendered.
2026-06-21 19:21:42,401 - INFO - Gender pie chart rendered.
2026-06-21 19:21:42,656 - INFO - Illness bar chart rendered.
2026-06-21 19:21:42,815 - INFO - Using categorical units to plot a list of strings that are all parsable as floats or dates. If these strings should be plotted as numbers, cast to the appropriate data type before plotting.
2026-06-21 19:21:42,816 - INFO - Using categorical units to plot a list of strings that are all parsable as floats or dates. If these strings should be plotted as numbers, cast to the appropriate data type before plotting.
2026-06-21 19:21:42,968 - INFO - Daily line chart rendered.
2026-06-22 06:25:21,664 - INFO - ============================================================
2026-06-22 06:25:21,670 - INFO - Application starting: Community Health Clinic Queue Management System
2026-06-22 06:25:21,698 - INFO - Database initialised at database/clinic.db
2026-06-22 06:26:10,116 - WARNING - Failed login attempt for username 'admin '.
2026-06-22 06:26:24,777 - WARNING - Failed login attempt for username 'admin '.
2026-06-22 06:26:41,696 - INFO - Application closed.
2026-06-22 06:31:42,488 - INFO - ============================================================
2026-06-22 06:31:42,489 - INFO - Application starting: Community Health Clinic Queue Management System
2026-06-22 06:31:42,495 - INFO - Database initialised at database/clinic.db
2026-06-22 06:32:10,803 - INFO - User 'admin' authenticated successfully.
2026-06-22 08:03:17,730 - INFO - ============================================================
2026-06-22 08:03:17,731 - INFO - Application starting: Community Health Clinic Queue Management System
2026-06-22 08:03:17,759 - INFO - Database initialised at database/clinic.db
2026-06-22 08:03:50,702 - INFO - User 'admin' authenticated successfully.
2026-06-22 08:04:10,381 - INFO - Application closed.
2026-06-22 09:37:15,504 - INFO - ============================================================
2026-06-22 09:37:15,506 - INFO - Application starting: Community Health Clinic Queue Management System
2026-06-22 09:37:15,529 - INFO - Database initialised at database/clinic.db
2026-06-22 09:37:51,005 - INFO - Application closed.
2026-06-22 10:55:16,639 - INFO - ============================================================
2026-06-22 10:55:16,646 - INFO - Application starting: Community Health Clinic Queue Management System
2026-06-22 10:55:16,692 - INFO - Database initialised at database/clinic.db
2026-06-22 10:56:13,643 - INFO - User 'admin' authenticated successfully.
2026-06-22 10:57:16,931 - INFO - Gender pie chart rendered.
2026-06-22 10:57:17,509 - INFO - Illness bar chart rendered.
2026-06-22 10:57:17,715 - INFO - Using categorical units to plot a list of strings that are all parsable as floats or dates. If these strings should be plotted as numbers, cast to the appropriate data type before plotting.
2026-06-22 10:57:17,717 - INFO - Using categorical units to plot a list of strings that are all parsable as floats or dates. If these strings should be plotted as numbers, cast to the appropriate data type before plotting.
2026-06-22 10:57:17,866 - INFO - Daily line chart rendered.
2026-06-22 10:57:18,209 - INFO - Gender pie chart rendered.
2026-06-22 10:57:18,497 - INFO - Illness bar chart rendered.
2026-06-22 10:57:18,660 - INFO - Using categorical units to plot a list of strings that are all parsable as floats or dates. If these strings should be plotted as numbers, cast to the appropriate data type before plotting.
2026-06-22 10:57:18,662 - INFO - Using categorical units to plot a list of strings that are all parsable as floats or dates. If these strings should be plotted as numbers, cast to the appropriate data type before plotting.
2026-06-22 10:57:18,792 - INFO - Daily line chart rendered.
